<?xml version="1.0" encoding="UTF-8"?>
<!-- Generated by org.testng.reporters.JUnitXMLReporter -->
<testsuite hostname="DESKTOP-0FMQR27" ignored="1" name="Test" tests="2" failures="1" timestamp="2023-02-22T23:34:17 IST" time="1.775" errors="0">
  <testcase name="clickOnSignIN" time="1.245" classname="com.magento.testPages.LandingPageTest"/>
  <testcase name="performSignIn" time="0.001" classname="com.magento.testPages.SignInPageTest">
    <failure type="java.lang.NullPointerException">
      <![CDATA[java.lang.NullPointerException
at com.magento.testPages.SignInPageTest.performSignIn(SignInPageTest.java:18)
at java.util.ArrayList.forEach(ArrayList.java:1259)
... Removed 31 stack frames]]>
    </failure>
  </testcase> <!-- performSignIn -->
  <testcase name="@BeforeSuite setUp" time="0.0" classname="com.magento.base.BaseTest">
    <ignored/>
  </testcase> <!-- @BeforeSuite setUp -->
</testsuite> <!-- Test -->
