-------------------------------------------------------------------------------
Test set: TestSuite
-------------------------------------------------------------------------------
Tests run: 2, Failures: 1, Errors: 0, Skipped: 0, Time elapsed: 7.349 s <<< FAILURE! - in TestSuite
performSignIn(com.magento.testPages.SignInPageTest)  Time elapsed: 0.01 s  <<< FAILURE!
java.lang.NullPointerException
	at com.magento.testPages.SignInPageTest.performSignIn(SignInPageTest.java:18)

