<?xml version="1.0" encoding="UTF-8"?>
<testng-results skipped="0" failed="1" ignored="1" total="3" passed="1">
  <reporter-output>
  </reporter-output>
  <suite name="Suite" duration-ms="1775" started-at="2023-02-22T23:34:16 IST" finished-at="2023-02-22T23:34:17 IST">
    <groups>
    </groups>
    <test name="Test" duration-ms="1775" started-at="2023-02-22T23:34:16 IST" finished-at="2023-02-22T23:34:17 IST">
      <class name="com.magento.testPages.SignInPageTest">
        <test-method status="FAIL" signature="performSignIn()[pri:0, instance:com.magento.testPages.SignInPageTest@8646db9]" name="performSignIn" duration-ms="1" started-at="2023-02-22T23:34:17 IST" finished-at="2023-02-22T23:34:17 IST">
          <exception class="java.lang.NullPointerException">
            <full-stacktrace>
              <![CDATA[java.lang.NullPointerException
at com.magento.testPages.SignInPageTest.performSignIn(SignInPageTest.java:18)
at sun.reflect.NativeMethodAccessorImpl.invoke0(Native Method)
at sun.reflect.NativeMethodAccessorImpl.invoke(NativeMethodAccessorImpl.java:62)
at sun.reflect.DelegatingMethodAccessorImpl.invoke(DelegatingMethodAccessorImpl.java:43)
at java.lang.reflect.Method.invoke(Method.java:498)
at org.testng.internal.invokers.MethodInvocationHelper.invokeMethod(MethodInvocationHelper.java:135)
at org.testng.internal.invokers.TestInvoker.invokeMethod(TestInvoker.java:673)
at org.testng.internal.invokers.TestInvoker.invokeTestMethod(TestInvoker.java:220)
at org.testng.internal.invokers.MethodRunner.runInSequence(MethodRunner.java:50)
at org.testng.internal.invokers.TestInvoker$MethodInvocationAgent.invoke(TestInvoker.java:945)
at org.testng.internal.invokers.TestInvoker.invokeTestMethods(TestInvoker.java:193)
at org.testng.internal.invokers.TestMethodWorker.invokeTestMethods(TestMethodWorker.java:146)
at org.testng.internal.invokers.TestMethodWorker.run(TestMethodWorker.java:128)
at java.util.ArrayList.forEach(ArrayList.java:1259)
at org.testng.TestRunner.privateRun(TestRunner.java:808)
at org.testng.TestRunner.run(TestRunner.java:603)
at org.testng.SuiteRunner.runTest(SuiteRunner.java:429)
at org.testng.SuiteRunner.runSequentially(SuiteRunner.java:423)
at org.testng.SuiteRunner.privateRun(SuiteRunner.java:383)
at org.testng.SuiteRunner.run(SuiteRunner.java:326)
at org.testng.SuiteRunnerWorker.runSuite(SuiteRunnerWorker.java:52)
at org.testng.SuiteRunnerWorker.run(SuiteRunnerWorker.java:95)
at org.testng.TestNG.runSuitesSequentially(TestNG.java:1249)
at org.testng.TestNG.runSuitesLocally(TestNG.java:1169)
at org.testng.TestNG.runSuites(TestNG.java:1092)
at org.testng.TestNG.run(TestNG.java:1060)
at org.apache.maven.surefire.testng.TestNGExecutor.run(TestNGExecutor.java:283)
at org.apache.maven.surefire.testng.TestNGXmlTestSuite.execute(TestNGXmlTestSuite.java:75)
at org.apache.maven.surefire.testng.TestNGProvider.invoke(TestNGProvider.java:120)
at org.apache.maven.surefire.booter.ForkedBooter.invokeProviderInSameClassLoader(ForkedBooter.java:384)
at org.apache.maven.surefire.booter.ForkedBooter.runSuitesInProcess(ForkedBooter.java:345)
at org.apache.maven.surefire.booter.ForkedBooter.execute(ForkedBooter.java:126)
at org.apache.maven.surefire.booter.ForkedBooter.main(ForkedBooter.java:418)
]]>
            </full-stacktrace>
          </exception> <!-- java.lang.NullPointerException -->
          <reporter-output>
          </reporter-output>
        </test-method> <!-- performSignIn -->
        <test-method status="PASS" signature="loggerMethod(org.testng.ITestResult)[pri:0, instance:com.magento.testPages.SignInPageTest@8646db9]" name="loggerMethod" is-config="true" duration-ms="0" started-at="2023-02-22T23:34:17 IST" finished-at="2023-02-22T23:34:17 IST">
          <params>
            <param index="0">
              <value>
                <![CDATA[[TestResult name=performSignIn status=FAILURE method=SignInPageTest.performSignIn()[pri:0, instance:com.magento.testPages.SignInPageTest@8646db9] output={null}]]]>
              </value>
            </param>
          </params>
          <reporter-output>
          </reporter-output>
        </test-method> <!-- loggerMethod -->
        <test-method status="PASS" signature="tearDown()[pri:0, instance:com.magento.testPages.SignInPageTest@8646db9]" name="tearDown" is-config="true" duration-ms="38" started-at="2023-02-22T23:34:17 IST" finished-at="2023-02-22T23:34:17 IST">
          <reporter-output>
          </reporter-output>
        </test-method> <!-- tearDown -->
      </class> <!-- com.magento.testPages.SignInPageTest -->
      <class name="com.magento.testPages.LandingPageTest">
        <test-method status="PASS" signature="setUp(java.lang.String,java.lang.String)[pri:0, instance:com.magento.testPages.LandingPageTest@491cc5c9]" name="setUp" is-config="true" duration-ms="4911" started-at="2023-02-22T23:34:11 IST" finished-at="2023-02-22T23:34:16 IST">
          <params>
            <param index="0">
              <value>
                <![CDATA[Chrome]]>
              </value>
            </param>
            <param index="1">
              <value>
                <![CDATA[Staging]]>
              </value>
            </param>
          </params>
          <reporter-output>
          </reporter-output>
        </test-method> <!-- setUp -->
        <test-method status="PASS" signature="clickOnSignIN()[pri:0, instance:com.magento.testPages.LandingPageTest@491cc5c9]" name="clickOnSignIN" duration-ms="1245" started-at="2023-02-22T23:34:16 IST" finished-at="2023-02-22T23:34:17 IST">
          <reporter-output>
          </reporter-output>
        </test-method> <!-- clickOnSignIN -->
        <test-method status="PASS" signature="loggerMethod(org.testng.ITestResult)[pri:0, instance:com.magento.testPages.LandingPageTest@491cc5c9]" name="loggerMethod" is-config="true" duration-ms="3" started-at="2023-02-22T23:34:17 IST" finished-at="2023-02-22T23:34:17 IST">
          <params>
            <param index="0">
              <value>
                <![CDATA[[TestResult name=clickOnSignIN status=SUCCESS method=LandingPageTest.clickOnSignIN()[pri:0, instance:com.magento.testPages.LandingPageTest@491cc5c9] output={null}]]]>
              </value>
            </param>
          </params>
          <reporter-output>
          </reporter-output>
        </test-method> <!-- loggerMethod -->
        <test-method status="PASS" signature="tearDown()[pri:0, instance:com.magento.testPages.LandingPageTest@491cc5c9]" name="tearDown" is-config="true" duration-ms="445" started-at="2023-02-22T23:34:17 IST" finished-at="2023-02-22T23:34:17 IST">
          <reporter-output>
          </reporter-output>
        </test-method> <!-- tearDown -->
      </class> <!-- com.magento.testPages.LandingPageTest -->
    </test> <!-- Test -->
  </suite> <!-- Suite -->
</testng-results>
