<?xml version="1.0" encoding="UTF-8"?>
<testng-results ignored="0" total="1" passed="1" failed="0" skipped="0">
  <reporter-output>
  </reporter-output>
  <suite started-at="2023-02-22T10:12:14 IST" name="Suite" finished-at="2023-02-22T10:13:02 IST" duration-ms="48338">
    <groups>
    </groups>
    <test started-at="2023-02-22T10:12:14 IST" name="Test" finished-at="2023-02-22T10:13:02 IST" duration-ms="48338">
      <class name="com.magento.testPages.LandingPageTest">
        <test-method signature="clickOnSignIN()[pri:0, instance:com.magento.testPages.LandingPageTest@6d4d66d2]" started-at="2023-02-22T10:12:14 IST" name="clickOnSignIN" finished-at="2023-02-22T10:13:02 IST" duration-ms="48271" status="PASS">
          <reporter-output>
          </reporter-output>
        </test-method> <!-- clickOnSignIN -->
      </class> <!-- com.magento.testPages.LandingPageTest -->
    </test> <!-- Test -->
  </suite> <!-- Suite -->
</testng-results>
